#
# There is insufficient memory for the Java Runtime Environment to continue.
# Native memory allocation (malloc) failed to allocate 32744 bytes for ChunkPool::allocate
# Possible reasons:
#   The system is out of physical RAM or swap space
#   The process is running with CompressedOops enabled, and the Java Heap may be blocking the growth of the native heap
# Possible solutions:
#   Reduce memory load on the system
#   Increase physical memory or swap space
#   Check if swap backing store is full
#   Decrease Java heap size (-Xmx/-Xms)
#   Decrease number of Java threads
#   Decrease Java thread stack sizes (-Xss)
#   Set larger code cache with -XX:ReservedCodeCacheSize=
#   JVM is running with Unscaled Compressed Oops mode in which the Java heap is
#     placed in the first 4GB address space. The Java Heap base address is the
#     maximum limit for the native heap growth. Please use -XX:HeapBaseMinAddress
#     to set the Java Heap base and to place the Java Heap above 4GB virtual address.
# This output file may be truncated or incomplete.
#
#  Out of Memory Error (allocation.cpp:272), pid=10804, tid=0x0000000000002e08
#
# JRE version: Java(TM) SE Runtime Environment (8.0_241-b07) (build 1.8.0_241-b07)
# Java VM: Java HotSpot(TM) 64-Bit Server VM (25.241-b07 mixed mode windows-amd64 compressed oops)
# Failed to write core dump. Minidumps are not enabled by default on client versions of Windows
#

---------------  T H R E A D  ---------------

Current thread (0x0000000016663000):  JavaThread "C1 CompilerThread2" daemon [_thread_in_native, id=11784, stack(0x0000000016b60000,0x0000000016c60000)]

Stack: [0x0000000016b60000,0x0000000016c60000]
[error occurred during error reporting (printing stack bounds), id 0xc0000005]

Native frames: (J=compiled Java code, j=interpreted, Vv=VM code, C=native code)


Current CompileTask:
C1:    959   41       3       java.lang.String::toLowerCase (439 bytes)


---------------  P R O C E S S  ---------------

Java Threads: ( => current thread )
  0x0000000016665800 JavaThread "Service Thread" daemon [_thread_blocked, id=8840, stack(0x0000000016c60000,0x0000000016d60000)]
=>0x0000000016663000 JavaThread "C1 CompilerThread2" daemon [_thread_in_native, id=11784, stack(0x0000000016b60000,0x0000000016c60000)]
  0x0000000016660800 JavaThread "C2 CompilerThread1" daemon [_thread_blocked, id=8272, stack(0x0000000016a60000,0x0000000016b60000)]
  0x0000000014eee800 JavaThread "C2 CompilerThread0" daemon [_thread_blocked, id=12484, stack(0x0000000016560000,0x0000000016660000)]
  0x0000000014eed000 JavaThread "Attach Listener" daemon [_thread_blocked, id=12708, stack(0x0000000016460000,0x0000000016560000)]
  0x0000000014eeb800 JavaThread "Signal Dispatcher" daemon [_thread_blocked, id=2160, stack(0x0000000016360000,0x0000000016460000)]
  0x0000000014eda800 JavaThread "Finalizer" daemon [_thread_blocked, id=10472, stack(0x0000000016150000,0x0000000016250000)]
  0x00000000028d2800 JavaThread "Reference Handler" daemon [_thread_blocked, id=8764, stack(0x0000000016050000,0x0000000016150000)]
  0x00000000027de000 JavaThread "main" [_thread_in_native, id=12552, stack(0x00000000026b0000,0x00000000027b0000)]

Other Threads:
  0x0000000014eb8000 VMThread [stack: 0x0000000015f50000,0x0000000016050000] [id=10364]
  0x0000000016669800 WatcherThread [stack: 0x0000000016d60000,0x0000000016e60000] [id=4424]

VM state:not at safepoint (normal execution)

VM Mutex/Monitor currently owned by a thread: None

heap address: 0x00000000c1400000, size: 1004 MB, Compressed Oops mode: 32-bit
Narrow klass base: 0x0000000000000000, Narrow klass shift: 3
Compressed class space size: 1073741824 Address: 0x0000000100000000

Heap:
 PSYoungGen      total 18944K, used 1311K [0x00000000eb180000, 0x00000000ec680000, 0x0000000100000000)
  eden space 16384K, 8% used [0x00000000eb180000,0x00000000eb2c7f80,0x00000000ec180000)
  from space 2560K, 0% used [0x00000000ec400000,0x00000000ec400000,0x00000000ec680000)
  to   space 2560K, 0% used [0x00000000ec180000,0x00000000ec180000,0x00000000ec400000)
 ParOldGen       total 44032K, used 0K [0x00000000c1400000, 0x00000000c3f00000, 0x00000000eb180000)
  object space 44032K, 0% used [0x00000000c1400000,0x00000000c1400000,0x00000000c3f00000)
 Metaspace       used 3157K, capacity 4508K, committed 4864K, reserved 1060864K
  class space    used 372K, capacity 392K, committed 512K, reserved 1048576K

Card table byte_map: [0x0000000011ca0000,0x0000000011ea0000] byte_map_base: 0x0000000011696000

Marking Bits: (ParMarkBitMap*) 0x0000000053d9be30
 Begin Bits: [0x00000000123f0000, 0x00000000133a0000)
 End Bits:   [0x00000000133a0000, 0x0000000014350000)

Polling page: 0x0000000000a10000

CodeCache: size=245760Kb used=1147Kb max_used=1147Kb free=244612Kb
 bounds [0x00000000028e0000, 0x0000000002b50000, 0x00000000118e0000]
 total_blobs=276 nmethods=40 adapters=149
 compilation: enabled

Compilation events (10 events):
Event: 0.724 Thread 0x0000000016663000 nmethod 35 0x00000000029fb1d0 code [0x00000000029fb320, 0x00000000029fb4b0]
Event: 0.725 Thread 0x0000000016663000   36   !   3       java.io.BufferedReader::readLine (304 bytes)
Event: 0.729 Thread 0x0000000016663000 nmethod 36 0x00000000029fb590 code [0x00000000029fb820, 0x00000000029fcf28]
Event: 0.730 Thread 0x0000000016663000   37       1       java.io.File::getPath (5 bytes)
Event: 0.730 Thread 0x0000000016663000 nmethod 37 0x00000000029fdd10 code [0x00000000029fde60, 0x00000000029fdf70]
Event: 0.734 Thread 0x0000000016663000   38       3       java.lang.Character::toLowerCase (6 bytes)
Event: 0.735 Thread 0x0000000016663000 nmethod 38 0x00000000029fdfd0 code [0x00000000029fe140, 0x00000000029fe3d8]
Event: 0.739 Thread 0x0000000016663000   39       3       java.lang.AbstractStringBuilder::newCapacity (39 bytes)
Event: 0.740 Thread 0x0000000016663000 nmethod 39 0x00000000029fe510 code [0x00000000029fe6a0, 0x00000000029fea88]
Event: 0.740 Thread 0x0000000016663000   41       3       java.lang.String::toLowerCase (439 bytes)

GC Heap History (0 events):
No events

Deoptimization events (0 events):
No events

Classes redefined (0 events):
No events

Internal exceptions (6 events):
Event: 0.164 Thread 0x00000000027de000 Exception <a 'java/lang/NoSuchMethodError': Method sun.misc.Unsafe.defineClass(Ljava/lang/String;[BII)Ljava/lang/Class; name or signature does not match> (0x00000000eb187cc0) thrown at [C:\ade\jenkins\workspace\8-2-build-windows-amd64-cygwin\jdk8u241\331\
Event: 0.164 Thread 0x00000000027de000 Exception <a 'java/lang/NoSuchMethodError': Method sun.misc.Unsafe.prefetchRead(Ljava/lang/Object;J)V name or signature does not match> (0x00000000eb187fa8) thrown at [C:\ade\jenkins\workspace\8-2-build-windows-amd64-cygwin\jdk8u241\331\hotspot\src\share\
Event: 0.738 Thread 0x00000000027de000 Exception <a 'java/security/PrivilegedActionException'> (0x00000000eb212f90) thrown at [C:\ade\jenkins\workspace\8-2-build-windows-amd64-cygwin\jdk8u241\331\hotspot\src\share\vm\prims\jvm.cpp, line 1502]
Event: 0.738 Thread 0x00000000027de000 Exception <a 'java/security/PrivilegedActionException'> (0x00000000eb213388) thrown at [C:\ade\jenkins\workspace\8-2-build-windows-amd64-cygwin\jdk8u241\331\hotspot\src\share\vm\prims\jvm.cpp, line 1502]
Event: 0.740 Thread 0x00000000027de000 Exception <a 'java/security/PrivilegedActionException'> (0x00000000eb2171e0) thrown at [C:\ade\jenkins\workspace\8-2-build-windows-amd64-cygwin\jdk8u241\331\hotspot\src\share\vm\prims\jvm.cpp, line 1502]
Event: 0.740 Thread 0x00000000027de000 Exception <a 'java/security/PrivilegedActionException'> (0x00000000eb2175d8) thrown at [C:\ade\jenkins\workspace\8-2-build-windows-amd64-cygwin\jdk8u241\331\hotspot\src\share\vm\prims\jvm.cpp, line 1502]

Events (10 events):
Event: 0.737 loading class java/security/PrivilegedActionException
Event: 0.738 loading class java/security/PrivilegedActionException done
Event: 0.740 loading class java/net/URLClassLoader$3$1
Event: 0.741 loading class java/net/URLClassLoader$3$1 done
Event: 0.741 loading class java/util/ResourceBundle$RBClassLoader
Event: 0.742 loading class java/util/ResourceBundle$RBClassLoader done
Event: 0.742 loading class java/util/ResourceBundle$RBClassLoader$1
Event: 0.742 loading class java/util/ResourceBundle$RBClassLoader$1 done
Event: 0.742 loading class java/util/ResourceBundle$CacheKey
Event: 0.743 loading class java/util/ResourceBundle$CacheKey done


Dynamic libraries:
0x00007ff7d91f0000 - 0x00007ff7d9227000 	C:\Program Files\Java\jre1.8.0_241\bin\javaw.exe
0x00007ff8b6820000 - 0x00007ff8b6a10000 	C:\WINDOWS\SYSTEM32\ntdll.dll
0x00007ff8b4d90000 - 0x00007ff8b4e42000 	C:\WINDOWS\System32\KERNEL32.DLL
0x00007ff8b4100000 - 0x00007ff8b43a3000 	C:\WINDOWS\System32\KERNELBASE.dll
0x00007ff8b52e0000 - 0x00007ff8b5383000 	C:\WINDOWS\System32\ADVAPI32.dll
0x00007ff8b58c0000 - 0x00007ff8b595e000 	C:\WINDOWS\System32\msvcrt.dll
0x00007ff8b4cf0000 - 0x00007ff8b4d87000 	C:\WINDOWS\System32\sechost.dll
0x00007ff8b5660000 - 0x00007ff8b5780000 	C:\WINDOWS\System32\RPCRT4.dll
0x00007ff8b4aa0000 - 0x00007ff8b4c34000 	C:\WINDOWS\System32\USER32.dll
0x00007ff8b4490000 - 0x00007ff8b44b1000 	C:\WINDOWS\System32\win32u.dll
0x00007ff8b55a0000 - 0x00007ff8b55c6000 	C:\WINDOWS\System32\GDI32.dll
0x00007ff8b4700000 - 0x00007ff8b4894000 	C:\WINDOWS\System32\gdi32full.dll
0x00007ff8b44c0000 - 0x00007ff8b455e000 	C:\WINDOWS\System32\msvcp_win.dll
0x00007ff8b4000000 - 0x00007ff8b40fa000 	C:\WINDOWS\System32\ucrtbase.dll
0x00007ff89c010000 - 0x00007ff89c295000 	C:\WINDOWS\WinSxS\amd64_microsoft.windows.common-controls_6595b64144ccf1df_6.0.18362.778_none_e6c6b761130d4fb8\COMCTL32.dll
0x00007ff8b4fa0000 - 0x00007ff8b52d6000 	C:\WINDOWS\System32\combase.dll
0x00007ff8b4410000 - 0x00007ff8b4490000 	C:\WINDOWS\System32\bcryptPrimitives.dll
0x00007ff8b48a0000 - 0x00007ff8b48ce000 	C:\WINDOWS\System32\IMM32.DLL
0x00000000533b0000 - 0x0000000053482000 	C:\Program Files\Java\jre1.8.0_241\bin\msvcr100.dll
0x0000000053570000 - 0x0000000053e1c000 	C:\Program Files\Java\jre1.8.0_241\bin\server\jvm.dll
0x00007ff8b4a90000 - 0x00007ff8b4a98000 	C:\WINDOWS\System32\PSAPI.DLL
0x00007ff8a8110000 - 0x00007ff8a8134000 	C:\WINDOWS\SYSTEM32\WINMM.dll
0x00007ff8ab090000 - 0x00007ff8ab099000 	C:\WINDOWS\SYSTEM32\WSOCK32.dll
0x00007ff8b55f0000 - 0x00007ff8b565f000 	C:\WINDOWS\System32\WS2_32.dll
0x00007ff8a80e0000 - 0x00007ff8a810d000 	C:\WINDOWS\SYSTEM32\WINMMBASE.dll
0x00007ff8b3fb0000 - 0x00007ff8b3ffa000 	C:\WINDOWS\System32\cfgmgr32.dll
0x00007ff8ab330000 - 0x00007ff8ab33a000 	C:\WINDOWS\SYSTEM32\VERSION.dll
0x00007ff8aaba0000 - 0x00007ff8aabaf000 	C:\Program Files\Java\jre1.8.0_241\bin\verify.dll
0x00007ff8aa010000 - 0x00007ff8aa039000 	C:\Program Files\Java\jre1.8.0_241\bin\java.dll
0x00007ff8a7690000 - 0x00007ff8a76a6000 	C:\Program Files\Java\jre1.8.0_241\bin\zip.dll
0x00007ff8b60c0000 - 0x00007ff8b67a5000 	C:\WINDOWS\System32\SHELL32.dll
0x00007ff8b5390000 - 0x00007ff8b5439000 	C:\WINDOWS\System32\shcore.dll
0x00007ff8b3780000 - 0x00007ff8b3f00000 	C:\WINDOWS\System32\windows.storage.dll
0x00007ff8b36c0000 - 0x00007ff8b36e3000 	C:\WINDOWS\System32\profapi.dll
0x00007ff8b3730000 - 0x00007ff8b377a000 	C:\WINDOWS\System32\powrprof.dll
0x00007ff8b36b0000 - 0x00007ff8b36c0000 	C:\WINDOWS\System32\UMPDC.dll
0x00007ff8b5860000 - 0x00007ff8b58b2000 	C:\WINDOWS\System32\shlwapi.dll
0x00007ff8b3710000 - 0x00007ff8b3721000 	C:\WINDOWS\System32\kernel.appcore.dll
0x00007ff8b46e0000 - 0x00007ff8b46f7000 	C:\WINDOWS\System32\cryptsp.dll

VM Arguments:
jvm_args: -Dfile.encoding=Cp1252 
java_command: nucleo.Aplicacao
java_class_path (initial): C:\Users\alanc\eclipse-workspace\projeto\bin
Launcher Type: SUN_STANDARD

Environment Variables:
JAVA_HOME=C:\Program Files\Java\jdk1.8.0_241
PATH=C:/Program Files/Java/jre1.8.0_241/bin/server;C:/Program Files/Java/jre1.8.0_241/bin;C:/Program Files/Java/jre1.8.0_241/lib/amd64;C:\Program Files (x86)\Common Files\Oracle\Java\javapath;C:\Program Files (x86)\Intel\Intel(R) Management Engine Components\iCLS\;C:\Program Files\Intel\Intel(R) Management Engine Components\iCLS\;C:\WINDOWS\system32;C:\WINDOWS;C:\WINDOWS\System32\Wbem;C:\WINDOWS\System32\WindowsPowerShell\v1.0\;C:\WINDOWS\System32\OpenSSH\;C:\Program Files (x86)\Intel\Intel(R) Management Engine Components\DAL;C:\Program Files\Intel\Intel(R) Management Engine Components\DAL;C:\Program Files\Java\jdk1.8.0_241\bin;C:\Program Files\Git\cmd;C:\Users\alanc\AppData\Local\Microsoft\WindowsApps;C:\Users\alanc\AppData\Roaming\Dashlane\6.1946.0.26096\bin\Firefox_Extension\{442718d9-475e-452a-b3e1-fb1ee16b8e9f}\components;C:\Users\alanc\AppData\Roaming\Dashlane\6.1946.0.26096\ucrt;C:\Users\alanc\AppData\Roaming\Dashlane\6.1946.0.26096\bin\Qt;C:\Users\alanc\AppData\Roaming\Dashlane\6.1946.0.26096\bin\Ssl;c:\Users\alanc\codenation;;C:\Users\alanc\Desktop;
USERNAME=alanc
OS=Windows_NT
PROCESSOR_IDENTIFIER=Intel64 Family 6 Model 142 Stepping 9, GenuineIntel



---------------  S Y S T E M  ---------------

OS: Windows 10.0 , 64 bit Build 18362 (10.0.18362.778)

CPU:total 4 (initial active 4) (2 cores per cpu, 2 threads per core) family 6 model 142 stepping 9, cmov, cx8, fxsr, mmx, sse, sse2, sse3, ssse3, sse4.1, sse4.2, popcnt, avx, avx2, aes, clmul, erms, 3dnowpref, lzcnt, ht, tsc, tscinvbit, bmi1, bmi2, adx

Memory: 4k page, physical 4107072k(357396k free), swap 4107072k(3616k free)

vm_info: Java HotSpot(TM) 64-Bit Server VM (25.241-b07) for windows-amd64 JRE (1.8.0_241-b07), built on Dec 11 2019 10:21:40 by "rejava" with MS VC++ 10.0 (VS2010)

time: Tue May 12 17:11:22 2020
timezone: Hora Padrão de Buenos Aires
elapsed time: 0 seconds (0d 0h 0m 0s)

